Info: Generated by version: 17.1 build 240
Info: Starting: Create block symbol file (.bsf)
Info: qsys-generate /home/tianzhao/quartus_17_fringe_ref/a10_soc_devkit_ghrd/ip/ghrd_10as066n2/ghrd_10as066n2_f2sdram0_m.ip --block-symbol-file --output-directory=/home/tianzhao/quartus_17_fringe_ref/a10_soc_devkit_ghrd/ip/ghrd_10as066n2/ghrd_10as066n2_f2sdram0_m --family="Arria 10" --part=10AS066N3F40E2SG
Info: qsys-generate succeeded.
Info: Finished: Create block symbol file (.bsf)
Info: 
Info: Starting: Create HDL design files for synthesis
Info: qsys-generate /home/tianzhao/quartus_17_fringe_ref/a10_soc_devkit_ghrd/ip/ghrd_10as066n2/ghrd_10as066n2_f2sdram0_m.ip --synthesis=VERILOG --output-directory=/home/tianzhao/quartus_17_fringe_ref/a10_soc_devkit_ghrd/ip/ghrd_10as066n2/ghrd_10as066n2_f2sdram0_m --family="Arria 10" --part=10AS066N3F40E2SG
Info: ghrd_10as066n2_f2sdram0_m: "Transforming system: ghrd_10as066n2_f2sdram0_m"
Info: ghrd_10as066n2_f2sdram0_m: Running transform generation_view_transform
Info: ghrd_10as066n2_f2sdram0_m: Running transform generation_view_transform took 0.000s
Info: f2sdram0_m: Running transform generation_view_transform
Info: f2sdram0_m: Running transform generation_view_transform took 0.000s
Info: clk_src: Running transform generation_view_transform
Info: clk_src: Running transform generation_view_transform took 0.000s
Info: clk_rst: Running transform generation_view_transform
Info: clk_rst: Running transform generation_view_transform took 0.000s
Info: jtag_phy_embedded_in_jtag_master: Running transform generation_view_transform
Info: jtag_phy_embedded_in_jtag_master: Running transform generation_view_transform took 0.000s
Info: timing_adt: Running transform generation_view_transform
Info: timing_adt: Running transform generation_view_transform took 0.000s
Info: fifo: Running transform generation_view_transform
Info: fifo: Running transform generation_view_transform took 0.000s
Info: b2p: Running transform generation_view_transform
Info: b2p: Running transform generation_view_transform took 0.000s
Info: p2b: Running transform generation_view_transform
Info: p2b: Running transform generation_view_transform took 0.000s
Info: transacto: Running transform generation_view_transform
Info: transacto: Running transform generation_view_transform took 0.000s
Info: b2p_adapter: Running transform generation_view_transform
Info: b2p_adapter: Running transform generation_view_transform took 0.000s
Info: p2b_adapter: Running transform generation_view_transform
Info: p2b_adapter: Running transform generation_view_transform took 0.000s
Info: ghrd_10as066n2_f2sdram0_m: Running transform interconnect_transform_chooser
Info: ghrd_10as066n2_f2sdram0_m: Running transform interconnect_transform_chooser took 0.008s
Info: f2sdram0_m: Running transform interconnect_transform_chooser
Info: f2sdram0_m: Running transform interconnect_transform_chooser took 0.032s
Info: ghrd_10as066n2_f2sdram0_m: "Naming system components in system: ghrd_10as066n2_f2sdram0_m"
Info: ghrd_10as066n2_f2sdram0_m: "Processing generation queue"
Info: ghrd_10as066n2_f2sdram0_m: "Generating: ghrd_10as066n2_f2sdram0_m"
Info: ghrd_10as066n2_f2sdram0_m: "Generating: ghrd_10as066n2_f2sdram0_m_altera_jtag_avalon_master_171_wqhllki"
Info: ghrd_10as066n2_f2sdram0_m: "Generating: altera_avalon_st_jtag_interface"
Info: ghrd_10as066n2_f2sdram0_m: "Generating: ghrd_10as066n2_f2sdram0_m_timing_adapter_171_xf5weri"
Info: ghrd_10as066n2_f2sdram0_m: "Generating: altera_avalon_sc_fifo"
Info: ghrd_10as066n2_f2sdram0_m: "Generating: altera_avalon_st_bytes_to_packets"
Info: ghrd_10as066n2_f2sdram0_m: "Generating: altera_avalon_st_packets_to_bytes"
Info: ghrd_10as066n2_f2sdram0_m: "Generating: altera_avalon_packets_to_master"
Info: ghrd_10as066n2_f2sdram0_m: "Generating: ghrd_10as066n2_f2sdram0_m_channel_adapter_171_2swajja"
Info: ghrd_10as066n2_f2sdram0_m: "Generating: ghrd_10as066n2_f2sdram0_m_channel_adapter_171_vh2yu6y"
Info: ghrd_10as066n2_f2sdram0_m: "Generating: altera_reset_controller"
Info: ghrd_10as066n2_f2sdram0_m: Done "ghrd_10as066n2_f2sdram0_m" with 11 modules, 23 files
Info: qsys-generate succeeded.
Info: Finished: Create HDL design files for synthesis
Info: Starting: Generate IP Core Documentation
Info: No documentation filesets were found for components in ghrd_10as066n2_f2sdram0_m. No files generated.
Info: Finished: Generate IP Core Documentation
